<?xml version="1.0" encoding="UTF-8"?>
<testng-results ignored="0" total="1" passed="1" failed="0" skipped="0">
  <reporter-output>
  </reporter-output>
  <suite started-at="2024-03-23T12:13:01 IST" name="Default suite" finished-at="2024-03-23T12:13:27 IST" duration-ms="25945">
    <groups>
    </groups>
    <test started-at="2024-03-23T12:13:01 IST" name="Default test" finished-at="2024-03-23T12:13:27 IST" duration-ms="25945">
      <class name="basic1.OrganizationsTest">
        <test-method signature="CreateOrganizations()[pri:0, instance:basic1.OrganizationsTest@47d90b9e]" started-at="2024-03-23T12:13:01 IST" name="CreateOrganizations" finished-at="2024-03-23T12:13:27 IST" duration-ms="25903" status="PASS">
          <reporter-output>
          </reporter-output>
        </test-method> <!-- CreateOrganizations -->
      </class> <!-- basic1.OrganizationsTest -->
    </test> <!-- Default test -->
  </suite> <!-- Default suite -->
</testng-results>
